[06-Feb-2026 16:38:28 Europe/Berlin] PHP Fatal error:  Uncaught Error: mysqli_stmt object is already closed in C:\xampp\htdocs\To-Do-List Website\api.php:133
Stack trace:
#0 C:\xampp\htdocs\To-Do-List Website\api.php(50): register(Object(mysqli), Array)
#1 {main}
  thrown in C:\xampp\htdocs\To-Do-List Website\api.php on line 133
[06-Feb-2026 16:47:17 Europe/Berlin] PHP Fatal error:  Uncaught Error: mysqli_stmt object is already closed in C:\xampp\htdocs\To-Do-List Website\api.php:133
Stack trace:
#0 C:\xampp\htdocs\To-Do-List Website\api.php(50): register(Object(mysqli), Array)
#1 {main}
  thrown in C:\xampp\htdocs\To-Do-List Website\api.php on line 133
[06-Feb-2026 16:56:03 Europe/Berlin] PHP Fatal error:  Uncaught Error: mysqli_stmt object is already closed in C:\xampp\htdocs\To-Do-List Website\api.php:220
Stack trace:
#0 C:\xampp\htdocs\To-Do-List Website\api.php(66): addTodo(Object(mysqli), Array, 1)
#1 {main}
  thrown in C:\xampp\htdocs\To-Do-List Website\api.php on line 220
[06-Feb-2026 16:57:22 Europe/Berlin] PHP Fatal error:  Uncaught Error: mysqli_stmt object is already closed in C:\xampp\htdocs\To-Do-List Website\api.php:304
Stack trace:
#0 C:\xampp\htdocs\To-Do-List Website\api.php(90): addLog(Object(mysqli), Array, 5)
#1 {main}
  thrown in C:\xampp\htdocs\To-Do-List Website\api.php on line 304
[06-Feb-2026 17:01:55 Europe/Berlin] PHP Fatal error:  Uncaught Error: mysqli_stmt object is already closed in C:\xampp\htdocs\To-Do-List Website\api.php:140
Stack trace:
#0 C:\xampp\htdocs\To-Do-List Website\api.php(57): register(Object(mysqli), Array)
#1 {main}
  thrown in C:\xampp\htdocs\To-Do-List Website\api.php on line 140
[06-Feb-2026 17:02:15 Europe/Berlin] PHP Fatal error:  Uncaught Error: mysqli_stmt object is already closed in C:\xampp\htdocs\To-Do-List Website\api.php:140
Stack trace:
#0 C:\xampp\htdocs\To-Do-List Website\api.php(57): register(Object(mysqli), Array)
#1 {main}
  thrown in C:\xampp\htdocs\To-Do-List Website\api.php on line 140
[27-Feb-2026 09:16:02 Europe/Berlin] PHP Fatal error:  Uncaught Error: Call to a member function bind_param() on bool in C:\xampp\htdocs\To-Do-List Website\api.php:419
Stack trace:
#0 C:\xampp\htdocs\To-Do-List Website\api.php(78): getCategories(Object(mysqli), 5)
#1 {main}
  thrown in C:\xampp\htdocs\To-Do-List Website\api.php on line 419
[27-Feb-2026 09:16:08 Europe/Berlin] PHP Fatal error:  Uncaught Error: Call to a member function bind_param() on bool in C:\xampp\htdocs\To-Do-List Website\api.php:419
Stack trace:
#0 C:\xampp\htdocs\To-Do-List Website\api.php(78): getCategories(Object(mysqli), 5)
#1 {main}
  thrown in C:\xampp\htdocs\To-Do-List Website\api.php on line 419
[27-Feb-2026 09:16:40 Europe/Berlin] PHP Fatal error:  Uncaught Error: Call to a member function bind_param() on bool in C:\xampp\htdocs\To-Do-List Website\api.php:428
Stack trace:
#0 C:\xampp\htdocs\To-Do-List Website\api.php(78): getCategories(Object(mysqli), 5)
#1 {main}
  thrown in C:\xampp\htdocs\To-Do-List Website\api.php on line 428
[27-Feb-2026 09:16:41 Europe/Berlin] PHP Fatal error:  Uncaught Error: Call to a member function bind_param() on bool in C:\xampp\htdocs\To-Do-List Website\api.php:428
Stack trace:
#0 C:\xampp\htdocs\To-Do-List Website\api.php(78): getCategories(Object(mysqli), 5)
#1 {main}
  thrown in C:\xampp\htdocs\To-Do-List Website\api.php on line 428
[27-Feb-2026 09:16:41 Europe/Berlin] PHP Fatal error:  Uncaught Error: Call to a member function bind_param() on bool in C:\xampp\htdocs\To-Do-List Website\api.php:428
Stack trace:
#0 C:\xampp\htdocs\To-Do-List Website\api.php(78): getCategories(Object(mysqli), 5)
#1 {main}
  thrown in C:\xampp\htdocs\To-Do-List Website\api.php on line 428
[27-Feb-2026 09:16:41 Europe/Berlin] PHP Fatal error:  Uncaught Error: Call to a member function bind_param() on bool in C:\xampp\htdocs\To-Do-List Website\api.php:428
Stack trace:
#0 C:\xampp\htdocs\To-Do-List Website\api.php(78): getCategories(Object(mysqli), 5)
#1 {main}
  thrown in C:\xampp\htdocs\To-Do-List Website\api.php on line 428
[27-Feb-2026 09:16:41 Europe/Berlin] PHP Fatal error:  Uncaught Error: Call to a member function bind_param() on bool in C:\xampp\htdocs\To-Do-List Website\api.php:428
Stack trace:
#0 C:\xampp\htdocs\To-Do-List Website\api.php(78): getCategories(Object(mysqli), 5)
#1 {main}
  thrown in C:\xampp\htdocs\To-Do-List Website\api.php on line 428
[27-Feb-2026 09:16:42 Europe/Berlin] PHP Fatal error:  Uncaught Error: Call to a member function bind_param() on bool in C:\xampp\htdocs\To-Do-List Website\api.php:428
Stack trace:
#0 C:\xampp\htdocs\To-Do-List Website\api.php(78): getCategories(Object(mysqli), 5)
#1 {main}
  thrown in C:\xampp\htdocs\To-Do-List Website\api.php on line 428
[27-Feb-2026 09:16:42 Europe/Berlin] PHP Fatal error:  Uncaught Error: Call to a member function bind_param() on bool in C:\xampp\htdocs\To-Do-List Website\api.php:428
Stack trace:
#0 C:\xampp\htdocs\To-Do-List Website\api.php(78): getCategories(Object(mysqli), 5)
#1 {main}
  thrown in C:\xampp\htdocs\To-Do-List Website\api.php on line 428
[27-Feb-2026 09:16:42 Europe/Berlin] PHP Fatal error:  Uncaught Error: Call to a member function bind_param() on bool in C:\xampp\htdocs\To-Do-List Website\api.php:428
Stack trace:
#0 C:\xampp\htdocs\To-Do-List Website\api.php(78): getCategories(Object(mysqli), 5)
#1 {main}
  thrown in C:\xampp\htdocs\To-Do-List Website\api.php on line 428
[27-Feb-2026 09:18:43 Europe/Berlin] PHP Fatal error:  Uncaught Error: Call to a member function bind_param() on bool in C:\xampp\htdocs\To-Do-List Website\api.php:428
Stack trace:
#0 C:\xampp\htdocs\To-Do-List Website\api.php(78): getCategories(Object(mysqli), 5)
#1 {main}
  thrown in C:\xampp\htdocs\To-Do-List Website\api.php on line 428
[27-Feb-2026 09:18:56 Europe/Berlin] PHP Fatal error:  Uncaught Error: Call to a member function bind_param() on bool in C:\xampp\htdocs\To-Do-List Website\api.php:405
Stack trace:
#0 C:\xampp\htdocs\To-Do-List Website\api.php(72): addCategory(Object(mysqli), Array, 5)
#1 {main}
  thrown in C:\xampp\htdocs\To-Do-List Website\api.php on line 405
[27-Feb-2026 09:19:19 Europe/Berlin] PHP Fatal error:  Uncaught Error: Call to a member function bind_param() on bool in C:\xampp\htdocs\To-Do-List Website\api.php:428
Stack trace:
#0 C:\xampp\htdocs\To-Do-List Website\api.php(78): getCategories(Object(mysqli), 5)
#1 {main}
  thrown in C:\xampp\htdocs\To-Do-List Website\api.php on line 428
[27-Feb-2026 09:19:22 Europe/Berlin] PHP Fatal error:  Uncaught Error: Call to a member function bind_param() on bool in C:\xampp\htdocs\To-Do-List Website\api.php:405
Stack trace:
#0 C:\xampp\htdocs\To-Do-List Website\api.php(72): addCategory(Object(mysqli), Array, 5)
#1 {main}
  thrown in C:\xampp\htdocs\To-Do-List Website\api.php on line 405
[27-Feb-2026 09:19:28 Europe/Berlin] PHP Fatal error:  Uncaught Error: Call to a member function bind_param() on bool in C:\xampp\htdocs\To-Do-List Website\api.php:405
Stack trace:
#0 C:\xampp\htdocs\To-Do-List Website\api.php(72): addCategory(Object(mysqli), Array, 5)
#1 {main}
  thrown in C:\xampp\htdocs\To-Do-List Website\api.php on line 405
[27-Feb-2026 09:20:59 Europe/Berlin] PHP Fatal error:  Uncaught Error: Call to a member function bind_param() on bool in C:\xampp\htdocs\To-Do-List Website\api.php:428
Stack trace:
#0 C:\xampp\htdocs\To-Do-List Website\api.php(78): getCategories(Object(mysqli), 5)
#1 {main}
  thrown in C:\xampp\htdocs\To-Do-List Website\api.php on line 428
[27-Feb-2026 09:21:05 Europe/Berlin] PHP Fatal error:  Uncaught Error: Call to a member function bind_param() on bool in C:\xampp\htdocs\To-Do-List Website\api.php:405
Stack trace:
#0 C:\xampp\htdocs\To-Do-List Website\api.php(72): addCategory(Object(mysqli), Array, 5)
#1 {main}
  thrown in C:\xampp\htdocs\To-Do-List Website\api.php on line 405
[27-Feb-2026 09:23:47 Europe/Berlin] PHP Fatal error:  Uncaught Error: Call to a member function bind_param() on bool in C:\xampp\htdocs\To-Do-List Website\api.php:428
Stack trace:
#0 C:\xampp\htdocs\To-Do-List Website\api.php(78): getCategories(Object(mysqli), 5)
#1 {main}
  thrown in C:\xampp\htdocs\To-Do-List Website\api.php on line 428
[27-Feb-2026 09:23:52 Europe/Berlin] PHP Fatal error:  Uncaught Error: Call to a member function bind_param() on bool in C:\xampp\htdocs\To-Do-List Website\api.php:405
Stack trace:
#0 C:\xampp\htdocs\To-Do-List Website\api.php(72): addCategory(Object(mysqli), Array, 5)
#1 {main}
  thrown in C:\xampp\htdocs\To-Do-List Website\api.php on line 405
[27-Feb-2026 09:26:01 Europe/Berlin] PHP Fatal error:  Uncaught Error: Call to a member function bind_param() on bool in C:\xampp\htdocs\To-Do-List Website\api.php:428
Stack trace:
#0 C:\xampp\htdocs\To-Do-List Website\api.php(78): getCategories(Object(mysqli), 5)
#1 {main}
  thrown in C:\xampp\htdocs\To-Do-List Website\api.php on line 428
[27-Feb-2026 09:26:04 Europe/Berlin] PHP Fatal error:  Uncaught Error: Call to a member function bind_param() on bool in C:\xampp\htdocs\To-Do-List Website\api.php:405
Stack trace:
#0 C:\xampp\htdocs\To-Do-List Website\api.php(72): addCategory(Object(mysqli), Array, 5)
#1 {main}
  thrown in C:\xampp\htdocs\To-Do-List Website\api.php on line 405
[27-Feb-2026 09:27:25 Europe/Berlin] PHP Fatal error:  Uncaught Error: Call to a member function bind_param() on bool in C:\xampp\htdocs\To-Do-List Website\api.php:428
Stack trace:
#0 C:\xampp\htdocs\To-Do-List Website\api.php(78): getCategories(Object(mysqli), 5)
#1 {main}
  thrown in C:\xampp\htdocs\To-Do-List Website\api.php on line 428
[27-Feb-2026 09:27:30 Europe/Berlin] PHP Fatal error:  Uncaught Error: Call to a member function bind_param() on bool in C:\xampp\htdocs\To-Do-List Website\api.php:405
Stack trace:
#0 C:\xampp\htdocs\To-Do-List Website\api.php(72): addCategory(Object(mysqli), Array, 5)
#1 {main}
  thrown in C:\xampp\htdocs\To-Do-List Website\api.php on line 405
[27-Feb-2026 09:29:11 Europe/Berlin] PHP Fatal error:  Uncaught Error: Call to a member function bind_param() on bool in C:\xampp\htdocs\To-Do-List Website\api.php:405
Stack trace:
#0 C:\xampp\htdocs\To-Do-List Website\api.php(72): addCategory(Object(mysqli), Array, 5)
#1 {main}
  thrown in C:\xampp\htdocs\To-Do-List Website\api.php on line 405
[27-Feb-2026 09:59:19 Europe/Berlin] PHP Fatal error:  Uncaught Error: mysqli_stmt object is already closed in C:\xampp\htdocs\To-Do-List Website\api.php:203
Stack trace:
#0 C:\xampp\htdocs\To-Do-List Website\api.php(96): register(Object(mysqli), Array)
#1 {main}
  thrown in C:\xampp\htdocs\To-Do-List Website\api.php on line 203
